Base path: /Applications/Unity/Unity.app/Contents
Pipe name: \\.\pipe\UnityShaderCompiler-64bit-1-1981149184
Cmd: getPlatforms
Cmd: compileSnippet
  error: 2 plat 0 at (0): Can't find include file frag_ao.cginc\nCompiling Vertex program
  error: 2 plat 0 at (41): '' : Include callback failed\nCompiling Vertex program
  api=0 type=0 insize=1952 outsize=0 kw= pd= ok=0
Cmd: compileSnippet
  error: 2 plat 0 at (0): Can't find include file frag_ao.cginc\nCompiling Vertex program
  error: 2 plat 0 at (41): '' : Include callback failed\nCompiling Vertex program
  api=0 type=0 insize=2216 outsize=0 kw= pd= ok=0
Cmd: compileSnippet
  error: 2 plat 0 at (0): Can't find include file frag_ao.cginc\nCompiling Vertex program
  error: 2 plat 0 at (41): '' : Include callback failed\nCompiling Vertex program
  api=0 type=0 insize=2722 outsize=0 kw= pd= ok=0
Cmd: compileSnippet
  error: 2 plat 0 at (0): Can't find include file frag_ao.cginc\nCompiling Vertex program
  error: 2 plat 0 at (41): '' : Include callback failed\nCompiling Vertex program
  api=0 type=0 insize=2998 outsize=0 kw= pd= ok=0
Cmd: compileSnippet
  error: 2 plat 0 at (0): Can't find include file frag_ao.cginc\nCompiling Vertex program
  error: 2 plat 0 at (41): '' : Include callback failed\nCompiling Vertex program
  api=0 type=0 insize=1938 outsize=0 kw= pd= ok=0
